<?xml version="1.0" encoding="UTF-8"?>
<testsuite xmlns:xsi="http://www.w3.org/2001/XMLSchema-instance" xsi:noNamespaceSchemaLocation="https://maven.apache.org/surefire/maven-surefire-plugin/xsd/surefire-test-report.xsd" name="avalanche.Network.HandlerStrategy.RunningStrategies.HandleLoadDomainsTest" time="1.734" tests="4" errors="0" skipped="0" failures="0">
  <properties>
    <property name="sun.desktop" value="windows"/>
    <property name="awt.toolkit" value="sun.awt.windows.WToolkit"/>
    <property name="file.encoding.pkg" value="sun.io"/>
    <property name="java.specification.version" value="1.8"/>
    <property name="sun.cpu.isalist" value="pentium_pro+mmx pentium_pro pentium+mmx pentium i486 i386 i86"/>
    <property name="sun.jnu.encoding" value="Cp1252"/>
    <property name="java.class.path" value="C:\Users\gteuw\Desktop\UNI\Year3\COS301\Avalanche\Avalanche\Services\DomainWatch\domain_watch\target\test-classes;C:\Users\gteuw\Desktop\UNI\Year3\COS301\Avalanche\Avalanche\Services\DomainWatch\domain_watch\target\classes;C:\Users\gteuw\.m2\repository\org\jmockit\jmockit\1.49\jmockit-1.49.jar;C:\Users\gteuw\.m2\repository\com\google\code\findbugs\jsr305\3.0.2\jsr305-3.0.2.jar;C:\Users\gteuw\.m2\repository\org\junit\jupiter\junit-jupiter-api\5.4.2\junit-jupiter-api-5.4.2.jar;C:\Users\gteuw\.m2\repository\org\apiguardian\apiguardian-api\1.0.0\apiguardian-api-1.0.0.jar;C:\Users\gteuw\.m2\repository\org\opentest4j\opentest4j\1.1.1\opentest4j-1.1.1.jar;C:\Users\gteuw\.m2\repository\org\junit\platform\junit-platform-commons\1.4.2\junit-platform-commons-1.4.2.jar;C:\Users\gteuw\.m2\repository\org\junit\jupiter\junit-jupiter-engine\5.4.2\junit-jupiter-engine-5.4.2.jar;C:\Users\gteuw\.m2\repository\org\junit\platform\junit-platform-engine\1.4.2\junit-platform-engine-1.4.2.jar;C:\Users\gteuw\.m2\repository\org\json\json\20230227\json-20230227.jar;"/>
    <property name="java.vm.vendor" value="Oracle Corporation"/>
    <property name="sun.arch.data.model" value="32"/>
    <property name="user.variant" value=""/>
    <property name="java.vendor.url" value="http://java.oracle.com/"/>
    <property name="user.timezone" value="Africa/Harare"/>
    <property name="java.vm.specification.version" value="1.8"/>
    <property name="os.name" value="Windows 10"/>
    <property name="user.country" value="ZA"/>
    <property name="sun.java.launcher" value="SUN_STANDARD"/>
    <property name="sun.boot.library.path" value="C:\Program Files (x86)\Java\jdk1.8.0_361\jre\bin"/>
    <property name="sun.java.command" value="C:\Users\gteuw\AppData\Local\Temp\surefire5109860843427308826\surefirebooter3749382565656791409.jar C:\Users\gteuw\AppData\Local\Temp\surefire5109860843427308826 2023-07-27T13-56-19_884-jvmRun1 surefire1995243057890205610tmp surefire_07388484533299623133tmp"/>
    <property name="surefire.test.class.path" value="C:\Users\gteuw\Desktop\UNI\Year3\COS301\Avalanche\Avalanche\Services\DomainWatch\domain_watch\target\test-classes;C:\Users\gteuw\Desktop\UNI\Year3\COS301\Avalanche\Avalanche\Services\DomainWatch\domain_watch\target\classes;C:\Users\gteuw\.m2\repository\org\jmockit\jmockit\1.49\jmockit-1.49.jar;C:\Users\gteuw\.m2\repository\com\google\code\findbugs\jsr305\3.0.2\jsr305-3.0.2.jar;C:\Users\gteuw\.m2\repository\org\junit\jupiter\junit-jupiter-api\5.4.2\junit-jupiter-api-5.4.2.jar;C:\Users\gteuw\.m2\repository\org\apiguardian\apiguardian-api\1.0.0\apiguardian-api-1.0.0.jar;C:\Users\gteuw\.m2\repository\org\opentest4j\opentest4j\1.1.1\opentest4j-1.1.1.jar;C:\Users\gteuw\.m2\repository\org\junit\platform\junit-platform-commons\1.4.2\junit-platform-commons-1.4.2.jar;C:\Users\gteuw\.m2\repository\org\junit\jupiter\junit-jupiter-engine\5.4.2\junit-jupiter-engine-5.4.2.jar;C:\Users\gteuw\.m2\repository\org\junit\platform\junit-platform-engine\1.4.2\junit-platform-engine-1.4.2.jar;C:\Users\gteuw\.m2\repository\org\json\json\20230227\json-20230227.jar;"/>
    <property name="sun.cpu.endian" value="little"/>
    <property name="user.home" value="C:\Users\gteuw"/>
    <property name="user.language" value="en"/>
    <property name="java.specification.vendor" value="Oracle Corporation"/>
    <property name="java.home" value="C:\Program Files (x86)\Java\jdk1.8.0_361\jre"/>
    <property name="basedir" value="C:\Users\gteuw\Desktop\UNI\Year3\COS301\Avalanche\Avalanche\Services\DomainWatch\domain_watch"/>
    <property name="file.separator" value="\"/>
    <property name="line.separator" value="&#10;"/>
    <property name="java.vm.specification.vendor" value="Oracle Corporation"/>
    <property name="java.specification.name" value="Java Platform API Specification"/>
    <property name="java.awt.graphicsenv" value="sun.awt.Win32GraphicsEnvironment"/>
    <property name="surefire.real.class.path" value="C:\Users\gteuw\AppData\Local\Temp\surefire5109860843427308826\surefirebooter3749382565656791409.jar;C:\\Users\\gteuw\\.m2\\repository\\org\\jacoco\\org.jacoco.agent\\0.8.4\\org.jacoco.agent-0.8.4-runtime.jar"/>
    <property name="sun.boot.class.path" value="C:\Program Files (x86)\Java\jdk1.8.0_361\jre\lib\resources.jar;C:\Program Files (x86)\Java\jdk1.8.0_361\jre\lib\rt.jar;C:\Program Files (x86)\Java\jdk1.8.0_361\jre\lib\jsse.jar;C:\Program Files (x86)\Java\jdk1.8.0_361\jre\lib\jce.jar;C:\Program Files (x86)\Java\jdk1.8.0_361\jre\lib\charsets.jar;C:\Program Files (x86)\Java\jdk1.8.0_361\jre\lib\jfr.jar;C:\Program Files (x86)\Java\jdk1.8.0_361\jre\classes"/>
    <property name="user.script" value=""/>
    <property name="sun.management.compiler" value="HotSpot Client Compiler"/>
    <property name="java.runtime.version" value="1.8.0_361-b09"/>
    <property name="user.name" value="gteuw"/>
    <property name="path.separator" value=";"/>
    <property name="os.version" value="10.0"/>
    <property name="java.endorsed.dirs" value="C:\Program Files (x86)\Java\jdk1.8.0_361\jre\lib\endorsed"/>
    <property name="java.runtime.name" value="Java(TM) SE Runtime Environment"/>
    <property name="file.encoding" value="Cp1252"/>
    <property name="java.vm.name" value="Java HotSpot(TM) Client VM"/>
    <property name="localRepository" value="C:\Users\gteuw\.m2\repository"/>
    <property name="java.vendor.url.bug" value="http://bugreport.sun.com/bugreport/"/>
    <property name="java.io.tmpdir" value="C:\Users\gteuw\AppData\Local\Temp\"/>
    <property name="java.version" value="1.8.0_361"/>
    <property name="user.dir" value="C:\Users\gteuw\Desktop\UNI\Year3\COS301\Avalanche\Avalanche\Services\DomainWatch\domain_watch"/>
    <property name="os.arch" value="x86"/>
    <property name="java.vm.specification.name" value="Java Virtual Machine Specification"/>
    <property name="java.awt.printerjob" value="sun.awt.windows.WPrinterJob"/>
    <property name="sun.os.patch.level" value=""/>
    <property name="java.library.path" value="C:\Program Files (x86)\Java\jdk1.8.0_361\jre\bin;C:\WINDOWS\Sun\Java\bin;C:\WINDOWS\system32;C:\WINDOWS;C:\Program Files\Common Files\Oracle\Java\javapath;C:\windows\system32;C:\windows;C:\windows\System32\Wbem;C:\windows\System32\WindowsPowerShell\v1.0\;C:\windows\System32\OpenSSH\;C:\Program Files (x86)\NVIDIA Corporation\PhysX\Common;C:\Program Files\NVIDIA Corporation\NVIDIA NvDLISR;C:\WINDOWS\system32;C:\WINDOWS;C:\WINDOWS\System32\Wbem;C:\WINDOWS\System32\WindowsPowerShell\v1.0\;C:\WINDOWS\System32\OpenSSH\;C:\Program Files\Git\cmd;C:\Program Files (x86)\Java\jdk1.8.0_361\bin;C:\Program Files (x86)\nodejs\;C:\Program Files\PuTTY\;%MAVEN_HOME%\bin;C:\Program Files\WireGuard\;C:\Program Files\apache-maven-3.9.1\bin;;C:\Program Files\Docker\Docker\resources\bin;C:\Users\gteuw\AppData\Local\Microsoft\WindowsApps;C:\Users\gteuw\AppData\Local\Programs\Microsoft VS Code\bin;C:\msys64\mingw64\bin;C:\Users\gteuw\AppData\Local\GitHubDesktop\bin;C:\Users\gteuw\AppData\Roaming\npm;."/>
    <property name="java.vm.info" value="mixed mode, sharing"/>
    <property name="java.vendor" value="Oracle Corporation"/>
    <property name="java.vm.version" value="25.361-b09"/>
    <property name="java.specification.maintenance.version" value="4"/>
    <property name="java.ext.dirs" value="C:\Program Files (x86)\Java\jdk1.8.0_361\jre\lib\ext;C:\WINDOWS\Sun\Java\lib\ext"/>
    <property name="sun.io.unicode.encoding" value="UnicodeLittle"/>
    <property name="java.class.version" value="52.0"/>
  </properties>
  <testcase name="requestWithInvalidObjectShouldError" classname="avalanche.Network.HandlerStrategy.RunningStrategies.HandleLoadDomainsTest" time="0.001"/>
  <testcase name="requestWithNoRegistryDomainsShouldReturnError" classname="avalanche.Network.HandlerStrategy.RunningStrategies.HandleLoadDomainsTest" time="0.39"/>
  <testcase name="requestWithNoDomainsShouldReturnError" classname="avalanche.Network.HandlerStrategy.RunningStrategies.HandleLoadDomainsTest" time="0.556"/>
  <testcase name="validRequestShouldNotReturnError4" classname="avalanche.Network.HandlerStrategy.RunningStrategies.HandleLoadDomainsTest" time="0.783"/>
</testsuite>